1 10 20
100 200 125
201 210 89
900 1000 174
2 20 21
3 30 112
4 40 112
5 50 112
6 60 113
7 70 113
8 80 116
9 90 116
10 100 119
11 110 119
12 120 119
13 130 122
14 140 122
15 150 122
16 160 122
17 170 122
18 180 125
19 190 125
20 200 125
47 54835 340
354 684984 509
654 698498 509
54 6843 262
885 6542 262
65 6584 262
92 6218 262
20 1518 182
1516 185163 383
15 65188 340
3215 6518 262
635 348163 443
658 698416 509
84 84984 351
10 101010 351
111 111111 354
777 777777 509
5668 98413 351
3654 354841 443
3215 63462 340
32 68445 340
35 354811 443
65 6854 262
53 32551 308
68 984 179
85 699 145
84 696 145
321 6854 262
685 89845 351
6 8659 262
8649 86459 351
84 86594 351
32 68 113
8 8694 262
98 889 179
69 445 144
65 849 171
35 355 144
65 6984 262
694 695 127
5 5 6
84798 987653 525
99999 5 351
211 548116 470
6854 649812 509
654 57875 340
894 698496 509
84 843215 525
382157 864591 525
34846 65816 340
63038 519072 470
6841 516581 470
635 654813 509
358 685489 509
84 846981 525
68 6984 262
6534 65432 340
23 8541 262
561 65668 340
684 65481 340
321 68548 340
635 4512 238
45 48 105
354 65481 340
35 65165 340
65 6548 262
3565 65894 340
684 68481 340
65 6548 262
68 6841 262
5469 68488 340
684 69842 340
688 698445 509
6974 699478 509
6984 84152 351
945 8546 262
545 54654 340
98547 999987 525
8542 85485 351
8547 54545 340
54 5425 238
